Copyright 1986-2018 Xilinx, Inc. All Rights Reserved.
--------------------------------------------------------------------------------------------------------------------------------------------------------------------------------------------------------------------------------------
| Tool Version : Vivado v.2018.2 (win64) Build 2258646 Thu Jun 14 20:03:12 MDT 2018
| Date         : Mon Feb  9 21:33:20 2026
| Host         : Hema running 64-bit major release  (build 9200)
| Command      : report_timing_summary -max_paths 10 -file Carry_LookAhead_64bit_timing_summary_routed.rpt -pb Carry_LookAhead_64bit_timing_summary_routed.pb -rpx Carry_LookAhead_64bit_timing_summary_routed.rpx -warn_on_violation
| Design       : Carry_LookAhead_64bit
| Device       : 7a100t-csg324
| Speed File   : -1  PRODUCTION 1.22 2018-03-21
--------------------------------------------------------------------------------------------------------------------------------------------------------------------------------------------------------------------------------------

Timing Summary Report

------------------------------------------------------------------------------------------------
| Timer Settings
| --------------
------------------------------------------------------------------------------------------------

  Enable Multi Corner Analysis               :  Yes
  Enable Pessimism Removal                   :  Yes
  Pessimism Removal Resolution               :  Nearest Common Node
  Enable Input Delay Default Clock           :  No
  Enable Preset / Clear Arcs                 :  No
  Disable Flight Delays                      :  No
  Ignore I/O Paths                           :  No
  Timing Early Launch at Borrowing Latches   :  false

  Corner  Analyze    Analyze    
  Name    Max Paths  Min Paths  
  ------  ---------  ---------  
  Slow    Yes        Yes        
  Fast    Yes        Yes        



check_timing report

Table of Contents
-----------------
1. checking no_clock
2. checking constant_clock
3. checking pulse_width_clock
4. checking unconstrained_internal_endpoints
5. checking no_input_delay
6. checking no_output_delay
7. checking multiple_clock
8. checking generated_clocks
9. checking loops
10. checking partial_input_delay
11. checking partial_output_delay
12. checking latch_loops

1. checking no_clock
--------------------
 There are 0 register/latch pins with no clock.


2. checking constant_clock
--------------------------
 There are 0 register/latch pins with constant_clock.


3. checking pulse_width_clock
-----------------------------
 There are 0 register/latch pins which need pulse_width check


4. checking unconstrained_internal_endpoints
--------------------------------------------
 There are 0 pins that are not constrained for maximum delay.

 There are 0 pins that are not constrained for maximum delay due to constant clock.


5. checking no_input_delay
--------------------------
 There are 0 input ports with no input delay specified.

 There are 0 input ports with no input delay but user has a false path constraint.


6. checking no_output_delay
---------------------------
 There are 0 ports with no output delay specified.

 There are 0 ports with no output delay but user has a false path constraint

 There are 0 ports with no output delay but with a timing clock defined on it or propagating through it


7. checking multiple_clock
--------------------------
 There are 0 register/latch pins with multiple clocks.


8. checking generated_clocks
----------------------------
 There are 0 generated clocks that are not connected to a clock source.


9. checking loops
-----------------
 There are 0 combinational loops in the design.


10. checking partial_input_delay
--------------------------------
 There are 129 input ports with partial input delay specified. (HIGH)


11. checking partial_output_delay
---------------------------------
 There are 0 ports with partial output delay specified.


12. checking latch_loops
------------------------
 There are 0 combinational latch loops in the design through latch input



------------------------------------------------------------------------------------------------
| Design Timing Summary
| ---------------------
------------------------------------------------------------------------------------------------

    WNS(ns)      TNS(ns)  TNS Failing Endpoints  TNS Total Endpoints      WHS(ns)      THS(ns)  THS Failing Endpoints  THS Total Endpoints     WPWS(ns)     TPWS(ns)  TPWS Failing Endpoints  TPWS Total Endpoints  
    -------      -------  ---------------------  -------------------      -------      -------  ---------------------  -------------------     --------     --------  ----------------------  --------------------  
     -9.747     -564.030                     65                   65           NA           NA                     NA                   NA           NA           NA                      NA                    NA  


Timing constraints are not met.


------------------------------------------------------------------------------------------------
| Clock Summary
| -------------
------------------------------------------------------------------------------------------------


------------------------------------------------------------------------------------------------
| Intra Clock Table
| -----------------
------------------------------------------------------------------------------------------------

Clock             WNS(ns)      TNS(ns)  TNS Failing Endpoints  TNS Total Endpoints      WHS(ns)      THS(ns)  THS Failing Endpoints  THS Total Endpoints     WPWS(ns)     TPWS(ns)  TPWS Failing Endpoints  TPWS Total Endpoints  
-----             -------      -------  ---------------------  -------------------      -------      -------  ---------------------  -------------------     --------     --------  ----------------------  --------------------  


------------------------------------------------------------------------------------------------
| Inter Clock Table
| -----------------
------------------------------------------------------------------------------------------------

From Clock    To Clock          WNS(ns)      TNS(ns)  TNS Failing Endpoints  TNS Total Endpoints      WHS(ns)      THS(ns)  THS Failing Endpoints  THS Total Endpoints  
----------    --------          -------      -------  ---------------------  -------------------      -------      -------  ---------------------  -------------------  


------------------------------------------------------------------------------------------------
| Other Path Groups Table
| -----------------------
------------------------------------------------------------------------------------------------

Path Group        From Clock        To Clock              WNS(ns)      TNS(ns)  TNS Failing Endpoints  TNS Total Endpoints      WHS(ns)      THS(ns)  THS Failing Endpoints  THS Total Endpoints  
----------        ----------        --------              -------      -------  ---------------------  -------------------      -------      -------  ---------------------  -------------------  
**default**       input port clock                         -9.747     -564.030                     65                   65                                                                        


------------------------------------------------------------------------------------------------
| Timing Details
| --------------
------------------------------------------------------------------------------------------------


---------------------------------------------------------------------------------------------------
Path Group:  **default**
From Clock:  input port clock
  To Clock:  

Setup :           65  Failing Endpoints,  Worst Slack       -9.747ns,  Total Violation     -564.030ns
Hold  :           NA  Failing Endpoints,  Worst Slack           NA  ,  Total Violation           NA
---------------------------------------------------------------------------------------------------


Max Delay Paths
--------------------------------------------------------------------------------------
Slack (VIOLATED) :        -9.747ns  (required time - arrival time)
  Source:                 A[15]
                            (input port)
  Destination:            S[57]
  Path Group:             **default**
  Path Type:              Max at Slow Process Corner
  Requirement:            5.000ns  (MaxDelay Path 5.000ns)
  Data Path Delay:        14.747ns  (logic 4.361ns (29.570%)  route 10.387ns (70.430%))
  Logic Levels:           8  (IBUF=1 LUT5=1 LUT6=5 OBUF=1)
  Output Delay:           0.000ns
  Timing Exception:       MaxDelay Path 5.000ns

    Location             Delay type                Incr(ns)  Path(ns)    Netlist Resource(s)
  -------------------------------------------------------------------    -------------------
    U18                                               0.000     0.000 r  A[15] (IN)
                         net (fo=0)                   0.000     0.000    A[15]
    U18                  IBUF (Prop_ibuf_I_O)         0.979     0.979 r  A_IBUF[15]_inst/O
                         net (fo=3, routed)           2.533     3.512    A_IBUF[15]
    SLICE_X12Y93         LUT6 (Prop_lut6_I1_O)        0.124     3.636 f  S_OBUF[32]_inst_i_30/O
                         net (fo=4, routed)           0.896     4.533    S_OBUF[32]_inst_i_30_n_0
    SLICE_X5Y89          LUT6 (Prop_lut6_I2_O)        0.124     4.657 f  S_OBUF[32]_inst_i_16/O
                         net (fo=1, routed)           0.640     5.297    S_OBUF[32]_inst_i_16_n_0
    SLICE_X4Y89          LUT6 (Prop_lut6_I2_O)        0.124     5.421 f  S_OBUF[32]_inst_i_4/O
                         net (fo=8, routed)           2.211     7.631    S_OBUF[32]_inst_i_4_n_0
    SLICE_X55Y120        LUT6 (Prop_lut6_I4_O)        0.124     7.755 f  S_OBUF[48]_inst_i_2/O
                         net (fo=8, routed)           1.438     9.193    S_OBUF[48]_inst_i_2_n_0
    SLICE_X83Y124        LUT5 (Prop_lut5_I0_O)        0.124     9.317 r  S_OBUF[57]_inst_i_4/O
                         net (fo=5, routed)           1.001    10.318    S_OBUF[57]_inst_i_4_n_0
    SLICE_X89Y142        LUT6 (Prop_lut6_I2_O)        0.124    10.442 r  S_OBUF[57]_inst_i_1/O
                         net (fo=1, routed)           1.667    12.110    S_OBUF[57]
    A5                   OBUF (Prop_obuf_I_O)         2.638    14.747 r  S_OBUF[57]_inst/O
                         net (fo=0)                   0.000    14.747    S[57]
    A5                                                                r  S[57] (OUT)
  -------------------------------------------------------------------    -------------------

                         max delay                    5.000     5.000    
                         clock pessimism              0.000     5.000    
                         output delay                -0.000     5.000    
  -------------------------------------------------------------------
                         required time                          5.000    
                         arrival time                         -14.747    
  -------------------------------------------------------------------
                         slack                                 -9.747    

Slack (VIOLATED) :        -9.737ns  (required time - arrival time)
  Source:                 A[15]
                            (input port)
  Destination:            S[56]
  Path Group:             **default**
  Path Type:              Max at Slow Process Corner
  Requirement:            5.000ns  (MaxDelay Path 5.000ns)
  Data Path Delay:        14.737ns  (logic 4.368ns (29.636%)  route 10.370ns (70.364%))
  Logic Levels:           8  (IBUF=1 LUT5=2 LUT6=4 OBUF=1)
  Output Delay:           0.000ns
  Timing Exception:       MaxDelay Path 5.000ns

    Location             Delay type                Incr(ns)  Path(ns)    Netlist Resource(s)
  -------------------------------------------------------------------    -------------------
    U18                                               0.000     0.000 r  A[15] (IN)
                         net (fo=0)                   0.000     0.000    A[15]
    U18                  IBUF (Prop_ibuf_I_O)         0.979     0.979 r  A_IBUF[15]_inst/O
                         net (fo=3, routed)           2.533     3.512    A_IBUF[15]
    SLICE_X12Y93         LUT6 (Prop_lut6_I1_O)        0.124     3.636 f  S_OBUF[32]_inst_i_30/O
                         net (fo=4, routed)           0.896     4.533    S_OBUF[32]_inst_i_30_n_0
    SLICE_X5Y89          LUT6 (Prop_lut6_I2_O)        0.124     4.657 f  S_OBUF[32]_inst_i_16/O
                         net (fo=1, routed)           0.640     5.297    S_OBUF[32]_inst_i_16_n_0
    SLICE_X4Y89          LUT6 (Prop_lut6_I2_O)        0.124     5.421 f  S_OBUF[32]_inst_i_4/O
                         net (fo=8, routed)           2.211     7.631    S_OBUF[32]_inst_i_4_n_0
    SLICE_X55Y120        LUT6 (Prop_lut6_I4_O)        0.124     7.755 f  S_OBUF[48]_inst_i_2/O
                         net (fo=8, routed)           1.438     9.193    S_OBUF[48]_inst_i_2_n_0
    SLICE_X83Y124        LUT5 (Prop_lut5_I0_O)        0.124     9.317 r  S_OBUF[57]_inst_i_4/O
                         net (fo=5, routed)           0.989    10.306    S_OBUF[57]_inst_i_4_n_0
    SLICE_X89Y141        LUT5 (Prop_lut5_I3_O)        0.124    10.430 r  S_OBUF[56]_inst_i_1/O
                         net (fo=1, routed)           1.663    12.093    S_OBUF[56]
    D8                   OBUF (Prop_obuf_I_O)         2.645    14.737 r  S_OBUF[56]_inst/O
                         net (fo=0)                   0.000    14.737    S[56]
    D8                                                                r  S[56] (OUT)
  -------------------------------------------------------------------    -------------------

                         max delay                    5.000     5.000    
                         clock pessimism              0.000     5.000    
                         output delay                -0.000     5.000    
  -------------------------------------------------------------------
                         required time                          5.000    
                         arrival time                         -14.737    
  -------------------------------------------------------------------
                         slack                                 -9.737    

Slack (VIOLATED) :        -9.662ns  (required time - arrival time)
  Source:                 A[15]
                            (input port)
  Destination:            S[60]
  Path Group:             **default**
  Path Type:              Max at Slow Process Corner
  Requirement:            5.000ns  (MaxDelay Path 5.000ns)
  Data Path Delay:        14.662ns  (logic 4.363ns (29.757%)  route 10.299ns (70.243%))
  Logic Levels:           8  (IBUF=1 LUT3=1 LUT6=5 OBUF=1)
  Output Delay:           0.000ns
  Timing Exception:       MaxDelay Path 5.000ns

    Location             Delay type                Incr(ns)  Path(ns)    Netlist Resource(s)
  -------------------------------------------------------------------    -------------------
    U18                                               0.000     0.000 r  A[15] (IN)
                         net (fo=0)                   0.000     0.000    A[15]
    U18                  IBUF (Prop_ibuf_I_O)         0.979     0.979 r  A_IBUF[15]_inst/O
                         net (fo=3, routed)           2.533     3.512    A_IBUF[15]
    SLICE_X12Y93         LUT6 (Prop_lut6_I1_O)        0.124     3.636 r  S_OBUF[32]_inst_i_30/O
                         net (fo=4, routed)           0.896     4.533    S_OBUF[32]_inst_i_30_n_0
    SLICE_X5Y89          LUT6 (Prop_lut6_I2_O)        0.124     4.657 r  S_OBUF[32]_inst_i_16/O
                         net (fo=1, routed)           0.640     5.297    S_OBUF[32]_inst_i_16_n_0
    SLICE_X4Y89          LUT6 (Prop_lut6_I2_O)        0.124     5.421 r  S_OBUF[32]_inst_i_4/O
                         net (fo=8, routed)           2.211     7.631    S_OBUF[32]_inst_i_4_n_0
    SLICE_X55Y120        LUT6 (Prop_lut6_I4_O)        0.124     7.755 r  S_OBUF[48]_inst_i_2/O
                         net (fo=8, routed)           1.442     9.198    S_OBUF[48]_inst_i_2_n_0
    SLICE_X82Y132        LUT6 (Prop_lut6_I5_O)        0.124     9.322 r  S_OBUF[62]_inst_i_3/O
                         net (fo=3, routed)           0.367     9.688    S_OBUF[62]_inst_i_3_n_0
    SLICE_X83Y132        LUT3 (Prop_lut3_I0_O)        0.124     9.812 r  S_OBUF[60]_inst_i_1/O
                         net (fo=1, routed)           2.210    12.022    S_OBUF[60]
    B7                   OBUF (Prop_obuf_I_O)         2.640    14.662 r  S_OBUF[60]_inst/O
                         net (fo=0)                   0.000    14.662    S[60]
    B7                                                                r  S[60] (OUT)
  -------------------------------------------------------------------    -------------------

                         max delay                    5.000     5.000    
                         clock pessimism              0.000     5.000    
                         output delay                -0.000     5.000    
  -------------------------------------------------------------------
                         required time                          5.000    
                         arrival time                         -14.662    
  -------------------------------------------------------------------
                         slack                                 -9.662    

Slack (VIOLATED) :        -9.660ns  (required time - arrival time)
  Source:                 A[15]
                            (input port)
  Destination:            S[53]
  Path Group:             **default**
  Path Type:              Max at Slow Process Corner
  Requirement:            5.000ns  (MaxDelay Path 5.000ns)
  Data Path Delay:        14.660ns  (logic 4.336ns (29.574%)  route 10.325ns (70.426%))
  Logic Levels:           8  (IBUF=1 LUT5=2 LUT6=4 OBUF=1)
  Output Delay:           0.000ns
  Timing Exception:       MaxDelay Path 5.000ns

    Location             Delay type                Incr(ns)  Path(ns)    Netlist Resource(s)
  -------------------------------------------------------------------    -------------------
    U18                                               0.000     0.000 r  A[15] (IN)
                         net (fo=0)                   0.000     0.000    A[15]
    U18                  IBUF (Prop_ibuf_I_O)         0.979     0.979 r  A_IBUF[15]_inst/O
                         net (fo=3, routed)           2.533     3.512    A_IBUF[15]
    SLICE_X12Y93         LUT6 (Prop_lut6_I1_O)        0.124     3.636 f  S_OBUF[32]_inst_i_30/O
                         net (fo=4, routed)           0.896     4.533    S_OBUF[32]_inst_i_30_n_0
    SLICE_X5Y89          LUT6 (Prop_lut6_I2_O)        0.124     4.657 f  S_OBUF[32]_inst_i_16/O
                         net (fo=1, routed)           0.640     5.297    S_OBUF[32]_inst_i_16_n_0
    SLICE_X4Y89          LUT6 (Prop_lut6_I2_O)        0.124     5.421 f  S_OBUF[32]_inst_i_4/O
                         net (fo=8, routed)           2.211     7.631    S_OBUF[32]_inst_i_4_n_0
    SLICE_X55Y120        LUT6 (Prop_lut6_I4_O)        0.124     7.755 f  S_OBUF[48]_inst_i_2/O
                         net (fo=8, routed)           1.438     9.193    S_OBUF[48]_inst_i_2_n_0
    SLICE_X83Y124        LUT5 (Prop_lut5_I0_O)        0.124     9.317 r  S_OBUF[57]_inst_i_4/O
                         net (fo=5, routed)           1.081    10.399    S_OBUF[57]_inst_i_4_n_0
    SLICE_X89Y139        LUT5 (Prop_lut5_I2_O)        0.124    10.523 r  S_OBUF[53]_inst_i_1/O
                         net (fo=1, routed)           1.525    12.048    S_OBUF[53]
    E5                   OBUF (Prop_obuf_I_O)         2.613    14.660 r  S_OBUF[53]_inst/O
                         net (fo=0)                   0.000    14.660    S[53]
    E5                                                                r  S[53] (OUT)
  -------------------------------------------------------------------    -------------------

                         max delay                    5.000     5.000    
                         clock pessimism              0.000     5.000    
                         output delay                -0.000     5.000    
  -------------------------------------------------------------------
                         required time                          5.000    
                         arrival time                         -14.660    
  -------------------------------------------------------------------
                         slack                                 -9.660    

Slack (VIOLATED) :        -9.622ns  (required time - arrival time)
  Source:                 A[15]
                            (input port)
  Destination:            S[62]
  Path Group:             **default**
  Path Type:              Max at Slow Process Corner
  Requirement:            5.000ns  (MaxDelay Path 5.000ns)
  Data Path Delay:        14.622ns  (logic 4.354ns (29.779%)  route 10.268ns (70.221%))
  Logic Levels:           8  (IBUF=1 LUT6=6 OBUF=1)
  Output Delay:           0.000ns
  Timing Exception:       MaxDelay Path 5.000ns

    Location             Delay type                Incr(ns)  Path(ns)    Netlist Resource(s)
  -------------------------------------------------------------------    -------------------
    U18                                               0.000     0.000 r  A[15] (IN)
                         net (fo=0)                   0.000     0.000    A[15]
    U18                  IBUF (Prop_ibuf_I_O)         0.979     0.979 r  A_IBUF[15]_inst/O
                         net (fo=3, routed)           2.533     3.512    A_IBUF[15]
    SLICE_X12Y93         LUT6 (Prop_lut6_I1_O)        0.124     3.636 r  S_OBUF[32]_inst_i_30/O
                         net (fo=4, routed)           0.896     4.533    S_OBUF[32]_inst_i_30_n_0
    SLICE_X5Y89          LUT6 (Prop_lut6_I2_O)        0.124     4.657 r  S_OBUF[32]_inst_i_16/O
                         net (fo=1, routed)           0.640     5.297    S_OBUF[32]_inst_i_16_n_0
    SLICE_X4Y89          LUT6 (Prop_lut6_I2_O)        0.124     5.421 r  S_OBUF[32]_inst_i_4/O
                         net (fo=8, routed)           2.211     7.631    S_OBUF[32]_inst_i_4_n_0
    SLICE_X55Y120        LUT6 (Prop_lut6_I4_O)        0.124     7.755 r  S_OBUF[48]_inst_i_2/O
                         net (fo=8, routed)           1.442     9.198    S_OBUF[48]_inst_i_2_n_0
    SLICE_X82Y132        LUT6 (Prop_lut6_I5_O)        0.124     9.322 r  S_OBUF[62]_inst_i_3/O
                         net (fo=3, routed)           0.302     9.623    S_OBUF[62]_inst_i_3_n_0
    SLICE_X83Y132        LUT6 (Prop_lut6_I3_O)        0.124     9.747 r  S_OBUF[62]_inst_i_1/O
                         net (fo=1, routed)           2.243    11.991    S_OBUF[62]
    C6                   OBUF (Prop_obuf_I_O)         2.631    14.622 r  S_OBUF[62]_inst/O
                         net (fo=0)                   0.000    14.622    S[62]
    C6                                                                r  S[62] (OUT)
  -------------------------------------------------------------------    -------------------

                         max delay                    5.000     5.000    
                         clock pessimism              0.000     5.000    
                         output delay                -0.000     5.000    
  -------------------------------------------------------------------
                         required time                          5.000    
                         arrival time                         -14.622    
  -------------------------------------------------------------------
                         slack                                 -9.622    

Slack (VIOLATED) :        -9.608ns  (required time - arrival time)
  Source:                 A[15]
                            (input port)
  Destination:            S[52]
  Path Group:             **default**
  Path Type:              Max at Slow Process Corner
  Requirement:            5.000ns  (MaxDelay Path 5.000ns)
  Data Path Delay:        14.608ns  (logic 4.360ns (29.843%)  route 10.249ns (70.157%))
  Logic Levels:           8  (IBUF=1 LUT3=1 LUT5=1 LUT6=4 OBUF=1)
  Output Delay:           0.000ns
  Timing Exception:       MaxDelay Path 5.000ns

    Location             Delay type                Incr(ns)  Path(ns)    Netlist Resource(s)
  -------------------------------------------------------------------    -------------------
    U18                                               0.000     0.000 r  A[15] (IN)
                         net (fo=0)                   0.000     0.000    A[15]
    U18                  IBUF (Prop_ibuf_I_O)         0.979     0.979 r  A_IBUF[15]_inst/O
                         net (fo=3, routed)           2.533     3.512    A_IBUF[15]
    SLICE_X12Y93         LUT6 (Prop_lut6_I1_O)        0.124     3.636 f  S_OBUF[32]_inst_i_30/O
                         net (fo=4, routed)           0.896     4.533    S_OBUF[32]_inst_i_30_n_0
    SLICE_X5Y89          LUT6 (Prop_lut6_I2_O)        0.124     4.657 f  S_OBUF[32]_inst_i_16/O
                         net (fo=1, routed)           0.640     5.297    S_OBUF[32]_inst_i_16_n_0
    SLICE_X4Y89          LUT6 (Prop_lut6_I2_O)        0.124     5.421 f  S_OBUF[32]_inst_i_4/O
                         net (fo=8, routed)           2.211     7.631    S_OBUF[32]_inst_i_4_n_0
    SLICE_X55Y120        LUT6 (Prop_lut6_I4_O)        0.124     7.755 f  S_OBUF[48]_inst_i_2/O
                         net (fo=8, routed)           1.438     9.193    S_OBUF[48]_inst_i_2_n_0
    SLICE_X83Y124        LUT5 (Prop_lut5_I0_O)        0.124     9.317 r  S_OBUF[57]_inst_i_4/O
                         net (fo=5, routed)           0.483     9.800    S_OBUF[57]_inst_i_4_n_0
    SLICE_X85Y126        LUT3 (Prop_lut3_I2_O)        0.124     9.924 r  S_OBUF[52]_inst_i_1/O
                         net (fo=1, routed)           2.047    11.972    S_OBUF[52]
    E7                   OBUF (Prop_obuf_I_O)         2.636    14.608 r  S_OBUF[52]_inst/O
                         net (fo=0)                   0.000    14.608    S[52]
    E7                                                                r  S[52] (OUT)
  -------------------------------------------------------------------    -------------------

                         max delay                    5.000     5.000    
                         clock pessimism              0.000     5.000    
                         output delay                -0.000     5.000    
  -------------------------------------------------------------------
                         required time                          5.000    
                         arrival time                         -14.608    
  -------------------------------------------------------------------
                         slack                                 -9.608    

Slack (VIOLATED) :        -9.541ns  (required time - arrival time)
  Source:                 A[15]
                            (input port)
  Destination:            S[61]
  Path Group:             **default**
  Path Type:              Max at Slow Process Corner
  Requirement:            5.000ns  (MaxDelay Path 5.000ns)
  Data Path Delay:        14.541ns  (logic 4.351ns (29.924%)  route 10.190ns (70.076%))
  Logic Levels:           8  (IBUF=1 LUT5=1 LUT6=5 OBUF=1)
  Output Delay:           0.000ns
  Timing Exception:       MaxDelay Path 5.000ns

    Location             Delay type                Incr(ns)  Path(ns)    Netlist Resource(s)
  -------------------------------------------------------------------    -------------------
    U18                                               0.000     0.000 r  A[15] (IN)
                         net (fo=0)                   0.000     0.000    A[15]
    U18                  IBUF (Prop_ibuf_I_O)         0.979     0.979 r  A_IBUF[15]_inst/O
                         net (fo=3, routed)           2.533     3.512    A_IBUF[15]
    SLICE_X12Y93         LUT6 (Prop_lut6_I1_O)        0.124     3.636 r  S_OBUF[32]_inst_i_30/O
                         net (fo=4, routed)           0.896     4.533    S_OBUF[32]_inst_i_30_n_0
    SLICE_X5Y89          LUT6 (Prop_lut6_I2_O)        0.124     4.657 r  S_OBUF[32]_inst_i_16/O
                         net (fo=1, routed)           0.640     5.297    S_OBUF[32]_inst_i_16_n_0
    SLICE_X4Y89          LUT6 (Prop_lut6_I2_O)        0.124     5.421 r  S_OBUF[32]_inst_i_4/O
                         net (fo=8, routed)           2.211     7.631    S_OBUF[32]_inst_i_4_n_0
    SLICE_X55Y120        LUT6 (Prop_lut6_I4_O)        0.124     7.755 r  S_OBUF[48]_inst_i_2/O
                         net (fo=8, routed)           1.442     9.198    S_OBUF[48]_inst_i_2_n_0
    SLICE_X82Y132        LUT6 (Prop_lut6_I5_O)        0.124     9.322 r  S_OBUF[62]_inst_i_3/O
                         net (fo=3, routed)           0.364     9.685    S_OBUF[62]_inst_i_3_n_0
    SLICE_X83Y132        LUT5 (Prop_lut5_I4_O)        0.124     9.809 r  S_OBUF[61]_inst_i_1/O
                         net (fo=1, routed)           2.104    11.913    S_OBUF[61]
    C5                   OBUF (Prop_obuf_I_O)         2.628    14.541 r  S_OBUF[61]_inst/O
                         net (fo=0)                   0.000    14.541    S[61]
    C5                                                                r  S[61] (OUT)
  -------------------------------------------------------------------    -------------------

                         max delay                    5.000     5.000    
                         clock pessimism              0.000     5.000    
                         output delay                -0.000     5.000    
  -------------------------------------------------------------------
                         required time                          5.000    
                         arrival time                         -14.541    
  -------------------------------------------------------------------
                         slack                                 -9.541    

Slack (VIOLATED) :        -9.538ns  (required time - arrival time)
  Source:                 A[15]
                            (input port)
  Destination:            S[50]
  Path Group:             **default**
  Path Type:              Max at Slow Process Corner
  Requirement:            5.000ns  (MaxDelay Path 5.000ns)
  Data Path Delay:        14.538ns  (logic 4.361ns (29.995%)  route 10.177ns (70.005%))
  Logic Levels:           8  (IBUF=1 LUT3=1 LUT5=1 LUT6=4 OBUF=1)
  Output Delay:           0.000ns
  Timing Exception:       MaxDelay Path 5.000ns

    Location             Delay type                Incr(ns)  Path(ns)    Netlist Resource(s)
  -------------------------------------------------------------------    -------------------
    U18                                               0.000     0.000 r  A[15] (IN)
                         net (fo=0)                   0.000     0.000    A[15]
    U18                  IBUF (Prop_ibuf_I_O)         0.979     0.979 r  A_IBUF[15]_inst/O
                         net (fo=3, routed)           2.533     3.512    A_IBUF[15]
    SLICE_X12Y93         LUT6 (Prop_lut6_I1_O)        0.124     3.636 f  S_OBUF[32]_inst_i_30/O
                         net (fo=4, routed)           0.896     4.533    S_OBUF[32]_inst_i_30_n_0
    SLICE_X5Y89          LUT6 (Prop_lut6_I2_O)        0.124     4.657 f  S_OBUF[32]_inst_i_16/O
                         net (fo=1, routed)           0.640     5.297    S_OBUF[32]_inst_i_16_n_0
    SLICE_X4Y89          LUT6 (Prop_lut6_I2_O)        0.124     5.421 f  S_OBUF[32]_inst_i_4/O
                         net (fo=8, routed)           2.211     7.631    S_OBUF[32]_inst_i_4_n_0
    SLICE_X55Y120        LUT6 (Prop_lut6_I4_O)        0.124     7.755 f  S_OBUF[48]_inst_i_2/O
                         net (fo=8, routed)           1.316     9.071    S_OBUF[48]_inst_i_2_n_0
    SLICE_X83Y119        LUT3 (Prop_lut3_I2_O)        0.124     9.195 r  S_OBUF[51]_inst_i_3/O
                         net (fo=3, routed)           0.541     9.736    S_OBUF[51]_inst_i_3_n_0
    SLICE_X83Y127        LUT5 (Prop_lut5_I4_O)        0.124     9.860 r  S_OBUF[50]_inst_i_1/O
                         net (fo=1, routed)           2.041    11.900    S_OBUF[50]
    C4                   OBUF (Prop_obuf_I_O)         2.638    14.538 r  S_OBUF[50]_inst/O
                         net (fo=0)                   0.000    14.538    S[50]
    C4                                                                r  S[50] (OUT)
  -------------------------------------------------------------------    -------------------

                         max delay                    5.000     5.000    
                         clock pessimism              0.000     5.000    
                         output delay                -0.000     5.000    
  -------------------------------------------------------------------
                         required time                          5.000    
                         arrival time                         -14.538    
  -------------------------------------------------------------------
                         slack                                 -9.538    

Slack (VIOLATED) :        -9.525ns  (required time - arrival time)
  Source:                 A[15]
                            (input port)
  Destination:            S[54]
  Path Group:             **default**
  Path Type:              Max at Slow Process Corner
  Requirement:            5.000ns  (MaxDelay Path 5.000ns)
  Data Path Delay:        14.525ns  (logic 4.341ns (29.883%)  route 10.185ns (70.117%))
  Logic Levels:           8  (IBUF=1 LUT5=1 LUT6=5 OBUF=1)
  Output Delay:           0.000ns
  Timing Exception:       MaxDelay Path 5.000ns

    Location             Delay type                Incr(ns)  Path(ns)    Netlist Resource(s)
  -------------------------------------------------------------------    -------------------
    U18                                               0.000     0.000 r  A[15] (IN)
                         net (fo=0)                   0.000     0.000    A[15]
    U18                  IBUF (Prop_ibuf_I_O)         0.979     0.979 r  A_IBUF[15]_inst/O
                         net (fo=3, routed)           2.533     3.512    A_IBUF[15]
    SLICE_X12Y93         LUT6 (Prop_lut6_I1_O)        0.124     3.636 f  S_OBUF[32]_inst_i_30/O
                         net (fo=4, routed)           0.896     4.533    S_OBUF[32]_inst_i_30_n_0
    SLICE_X5Y89          LUT6 (Prop_lut6_I2_O)        0.124     4.657 f  S_OBUF[32]_inst_i_16/O
                         net (fo=1, routed)           0.640     5.297    S_OBUF[32]_inst_i_16_n_0
    SLICE_X4Y89          LUT6 (Prop_lut6_I2_O)        0.124     5.421 f  S_OBUF[32]_inst_i_4/O
                         net (fo=8, routed)           2.211     7.631    S_OBUF[32]_inst_i_4_n_0
    SLICE_X55Y120        LUT6 (Prop_lut6_I4_O)        0.124     7.755 f  S_OBUF[48]_inst_i_2/O
                         net (fo=8, routed)           1.438     9.193    S_OBUF[48]_inst_i_2_n_0
    SLICE_X83Y124        LUT5 (Prop_lut5_I0_O)        0.124     9.317 r  S_OBUF[57]_inst_i_4/O
                         net (fo=5, routed)           0.941    10.258    S_OBUF[57]_inst_i_4_n_0
    SLICE_X89Y140        LUT6 (Prop_lut6_I5_O)        0.124    10.382 r  S_OBUF[54]_inst_i_1/O
                         net (fo=1, routed)           1.525    11.908    S_OBUF[54]
    E6                   OBUF (Prop_obuf_I_O)         2.617    14.525 r  S_OBUF[54]_inst/O
                         net (fo=0)                   0.000    14.525    S[54]
    E6                                                                r  S[54] (OUT)
  -------------------------------------------------------------------    -------------------

                         max delay                    5.000     5.000    
                         clock pessimism              0.000     5.000    
                         output delay                -0.000     5.000    
  -------------------------------------------------------------------
                         required time                          5.000    
                         arrival time                         -14.525    
  -------------------------------------------------------------------
                         slack                                 -9.525    

Slack (VIOLATED) :        -9.518ns  (required time - arrival time)
  Source:                 A[15]
                            (input port)
  Destination:            S[51]
  Path Group:             **default**
  Path Type:              Max at Slow Process Corner
  Requirement:            5.000ns  (MaxDelay Path 5.000ns)
  Data Path Delay:        14.518ns  (logic 4.340ns (29.891%)  route 10.178ns (70.109%))
  Logic Levels:           8  (IBUF=1 LUT3=1 LUT6=5 OBUF=1)
  Output Delay:           0.000ns
  Timing Exception:       MaxDelay Path 5.000ns

    Location             Delay type                Incr(ns)  Path(ns)    Netlist Resource(s)
  -------------------------------------------------------------------    -------------------
    U18                                               0.000     0.000 r  A[15] (IN)
                         net (fo=0)                   0.000     0.000    A[15]
    U18                  IBUF (Prop_ibuf_I_O)         0.979     0.979 r  A_IBUF[15]_inst/O
                         net (fo=3, routed)           2.533     3.512    A_IBUF[15]
    SLICE_X12Y93         LUT6 (Prop_lut6_I1_O)        0.124     3.636 f  S_OBUF[32]_inst_i_30/O
                         net (fo=4, routed)           0.896     4.533    S_OBUF[32]_inst_i_30_n_0
    SLICE_X5Y89          LUT6 (Prop_lut6_I2_O)        0.124     4.657 f  S_OBUF[32]_inst_i_16/O
                         net (fo=1, routed)           0.640     5.297    S_OBUF[32]_inst_i_16_n_0
    SLICE_X4Y89          LUT6 (Prop_lut6_I2_O)        0.124     5.421 f  S_OBUF[32]_inst_i_4/O
                         net (fo=8, routed)           2.211     7.631    S_OBUF[32]_inst_i_4_n_0
    SLICE_X55Y120        LUT6 (Prop_lut6_I4_O)        0.124     7.755 f  S_OBUF[48]_inst_i_2/O
                         net (fo=8, routed)           1.316     9.071    S_OBUF[48]_inst_i_2_n_0
    SLICE_X83Y119        LUT3 (Prop_lut3_I2_O)        0.124     9.195 r  S_OBUF[51]_inst_i_3/O
                         net (fo=3, routed)           0.732     9.928    S_OBUF[51]_inst_i_3_n_0
    SLICE_X87Y131        LUT6 (Prop_lut6_I5_O)        0.124    10.052 r  S_OBUF[51]_inst_i_1/O
                         net (fo=1, routed)           1.850    11.901    S_OBUF[51]
    D7                   OBUF (Prop_obuf_I_O)         2.616    14.518 r  S_OBUF[51]_inst/O
                         net (fo=0)                   0.000    14.518    S[51]
    D7                                                                r  S[51] (OUT)
  -------------------------------------------------------------------    -------------------

                         max delay                    5.000     5.000    
                         clock pessimism              0.000     5.000    
                         output delay                -0.000     5.000    
  -------------------------------------------------------------------
                         required time                          5.000    
                         arrival time                         -14.518    
  -------------------------------------------------------------------
                         slack                                 -9.518    





