Copyright 1986-2018 Xilinx, Inc. All Rights Reserved.
--------------------------------------------------------------------------------------------------------------------------------------------------------------------------------------------------------
| Tool Version : Vivado v.2018.2 (win64) Build 2258646 Thu Jun 14 20:03:12 MDT 2018
| Date         : Tue Feb 10 22:45:55 2026
| Host         : Hema running 64-bit major release  (build 9200)
| Command      : report_methodology -file Brent_Kung_64bit_Adder_methodology_drc_routed.rpt -pb Brent_Kung_64bit_Adder_methodology_drc_routed.pb -rpx Brent_Kung_64bit_Adder_methodology_drc_routed.rpx
| Design       : Brent_Kung_64bit_Adder
| Device       : xc7a100tcsg324-1
| Speed File   : -1
| Design State : Routed
--------------------------------------------------------------------------------------------------------------------------------------------------------------------------------------------------------

Report Methodology

Table of Contents
-----------------
1. REPORT SUMMARY
2. REPORT DETAILS

1. REPORT SUMMARY
-----------------
            Netlist: netlist
          Floorplan: checkpoint_Brent_Kung_64bit_Adder
      Design limits: <entire design considered>
             Max violations: <unlimited>
             Violations found: 0
+------+----------+-------------+------------+
| Rule | Severity | Description | Violations |
+------+----------+-------------+------------+
+------+----------+-------------+------------+

2. REPORT DETAILS
-----------------

