Copyright 1986-2018 Xilinx, Inc. All Rights Reserved.
-----------------------------------------------------------------------------------------------------------------------------------------------------------------------------------------------------------------------------------------
| Tool Version : Vivado v.2018.2 (win64) Build 2258646 Thu Jun 14 20:03:12 MDT 2018
| Date         : Tue Feb 10 22:45:57 2026
| Host         : Hema running 64-bit major release  (build 9200)
| Command      : report_timing_summary -max_paths 10 -file Brent_Kung_64bit_Adder_timing_summary_routed.rpt -pb Brent_Kung_64bit_Adder_timing_summary_routed.pb -rpx Brent_Kung_64bit_Adder_timing_summary_routed.rpx -warn_on_violation
| Design       : Brent_Kung_64bit_Adder
| Device       : 7a100t-csg324
| Speed File   : -1  PRODUCTION 1.22 2018-03-21
-----------------------------------------------------------------------------------------------------------------------------------------------------------------------------------------------------------------------------------------

Timing Summary Report

------------------------------------------------------------------------------------------------
| Timer Settings
| --------------
------------------------------------------------------------------------------------------------

  Enable Multi Corner Analysis               :  Yes
  Enable Pessimism Removal                   :  Yes
  Pessimism Removal Resolution               :  Nearest Common Node
  Enable Input Delay Default Clock           :  No
  Enable Preset / Clear Arcs                 :  No
  Disable Flight Delays                      :  No
  Ignore I/O Paths                           :  No
  Timing Early Launch at Borrowing Latches   :  false

  Corner  Analyze    Analyze    
  Name    Max Paths  Min Paths  
  ------  ---------  ---------  
  Slow    Yes        Yes        
  Fast    Yes        Yes        



check_timing report

Table of Contents
-----------------
1. checking no_clock
2. checking constant_clock
3. checking pulse_width_clock
4. checking unconstrained_internal_endpoints
5. checking no_input_delay
6. checking no_output_delay
7. checking multiple_clock
8. checking generated_clocks
9. checking loops
10. checking partial_input_delay
11. checking partial_output_delay
12. checking latch_loops

1. checking no_clock
--------------------
 There are 0 register/latch pins with no clock.


2. checking constant_clock
--------------------------
 There are 0 register/latch pins with constant_clock.


3. checking pulse_width_clock
-----------------------------
 There are 0 register/latch pins which need pulse_width check


4. checking unconstrained_internal_endpoints
--------------------------------------------
 There are 0 pins that are not constrained for maximum delay.

 There are 0 pins that are not constrained for maximum delay due to constant clock.


5. checking no_input_delay
--------------------------
 There are 0 input ports with no input delay specified.

 There are 0 input ports with no input delay but user has a false path constraint.


6. checking no_output_delay
---------------------------
 There are 0 ports with no output delay specified.

 There are 0 ports with no output delay but user has a false path constraint

 There are 0 ports with no output delay but with a timing clock defined on it or propagating through it


7. checking multiple_clock
--------------------------
 There are 0 register/latch pins with multiple clocks.


8. checking generated_clocks
----------------------------
 There are 0 generated clocks that are not connected to a clock source.


9. checking loops
-----------------
 There are 0 combinational loops in the design.


10. checking partial_input_delay
--------------------------------
 There are 129 input ports with partial input delay specified. (HIGH)


11. checking partial_output_delay
---------------------------------
 There are 0 ports with partial output delay specified.


12. checking latch_loops
------------------------
 There are 0 combinational latch loops in the design through latch input



------------------------------------------------------------------------------------------------
| Design Timing Summary
| ---------------------
------------------------------------------------------------------------------------------------

    WNS(ns)      TNS(ns)  TNS Failing Endpoints  TNS Total Endpoints      WHS(ns)      THS(ns)  THS Failing Endpoints  THS Total Endpoints     WPWS(ns)     TPWS(ns)  TPWS Failing Endpoints  TPWS Total Endpoints  
    -------      -------  ---------------------  -------------------      -------      -------  ---------------------  -------------------     --------     --------  ----------------------  --------------------  
     -9.368     -555.896                     65                   65           NA           NA                     NA                   NA           NA           NA                      NA                    NA  


Timing constraints are not met.


------------------------------------------------------------------------------------------------
| Clock Summary
| -------------
------------------------------------------------------------------------------------------------


------------------------------------------------------------------------------------------------
| Intra Clock Table
| -----------------
------------------------------------------------------------------------------------------------

Clock             WNS(ns)      TNS(ns)  TNS Failing Endpoints  TNS Total Endpoints      WHS(ns)      THS(ns)  THS Failing Endpoints  THS Total Endpoints     WPWS(ns)     TPWS(ns)  TPWS Failing Endpoints  TPWS Total Endpoints  
-----             -------      -------  ---------------------  -------------------      -------      -------  ---------------------  -------------------     --------     --------  ----------------------  --------------------  


------------------------------------------------------------------------------------------------
| Inter Clock Table
| -----------------
------------------------------------------------------------------------------------------------

From Clock    To Clock          WNS(ns)      TNS(ns)  TNS Failing Endpoints  TNS Total Endpoints      WHS(ns)      THS(ns)  THS Failing Endpoints  THS Total Endpoints  
----------    --------          -------      -------  ---------------------  -------------------      -------      -------  ---------------------  -------------------  


------------------------------------------------------------------------------------------------
| Other Path Groups Table
| -----------------------
------------------------------------------------------------------------------------------------

Path Group        From Clock        To Clock              WNS(ns)      TNS(ns)  TNS Failing Endpoints  TNS Total Endpoints      WHS(ns)      THS(ns)  THS Failing Endpoints  THS Total Endpoints  
----------        ----------        --------              -------      -------  ---------------------  -------------------      -------      -------  ---------------------  -------------------  
**default**       input port clock                         -9.368     -555.896                     65                   65                                                                        


------------------------------------------------------------------------------------------------
| Timing Details
| --------------
------------------------------------------------------------------------------------------------


---------------------------------------------------------------------------------------------------
Path Group:  **default**
From Clock:  input port clock
  To Clock:  

Setup :           65  Failing Endpoints,  Worst Slack       -9.368ns,  Total Violation     -555.896ns
Hold  :           NA  Failing Endpoints,  Worst Slack           NA  ,  Total Violation           NA
---------------------------------------------------------------------------------------------------


Max Delay Paths
--------------------------------------------------------------------------------------
Slack (VIOLATED) :        -9.368ns  (required time - arrival time)
  Source:                 A[7]
                            (input port)
  Destination:            S[62]
  Path Group:             **default**
  Path Type:              Max at Slow Process Corner
  Requirement:            5.000ns  (MaxDelay Path 5.000ns)
  Data Path Delay:        14.368ns  (logic 4.374ns (30.446%)  route 9.993ns (69.554%))
  Logic Levels:           8  (IBUF=1 LUT4=1 LUT5=2 LUT6=3 OBUF=1)
  Output Delay:           0.000ns
  Timing Exception:       MaxDelay Path 5.000ns

    Location             Delay type                Incr(ns)  Path(ns)    Netlist Resource(s)
  -------------------------------------------------------------------    -------------------
    V11                                               0.000     0.000 r  A[7] (IN)
                         net (fo=0)                   0.000     0.000    A[7]
    V11                  IBUF (Prop_ibuf_I_O)         0.999     0.999 r  A_IBUF[7]_inst/O
                         net (fo=3, routed)           2.094     3.093    A_IBUF[7]
    SLICE_X3Y89          LUT4 (Prop_lut4_I3_O)        0.124     3.217 f  S_OBUF[16]_inst_i_16/O
                         net (fo=2, routed)           0.646     3.863    S_OBUF[16]_inst_i_16_n_0
    SLICE_X5Y95          LUT5 (Prop_lut5_I4_O)        0.124     3.987 r  S_OBUF[16]_inst_i_9/O
                         net (fo=2, routed)           0.954     4.941    S_OBUF[16]_inst_i_9_n_0
    SLICE_X3Y95          LUT6 (Prop_lut6_I5_O)        0.124     5.065 r  S_OBUF[16]_inst_i_2/O
                         net (fo=7, routed)           1.648     6.712    S_OBUF[16]_inst_i_2_n_0
    SLICE_X43Y104        LUT5 (Prop_lut5_I0_O)        0.124     6.836 r  S_OBUF[33]_inst_i_2/O
                         net (fo=6, routed)           1.128     7.964    S_OBUF[33]_inst_i_2_n_0
    SLICE_X55Y124        LUT6 (Prop_lut6_I3_O)        0.124     8.088 r  S_OBUF[63]_inst_i_3/O
                         net (fo=5, routed)           1.582     9.670    S_OBUF[63]_inst_i_3_n_0
    SLICE_X79Y147        LUT6 (Prop_lut6_I5_O)        0.124     9.794 r  S_OBUF[62]_inst_i_1/O
                         net (fo=1, routed)           1.942    11.736    S_OBUF[62]
    C6                   OBUF (Prop_obuf_I_O)         2.631    14.368 r  S_OBUF[62]_inst/O
                         net (fo=0)                   0.000    14.368    S[62]
    C6                                                                r  S[62] (OUT)
  -------------------------------------------------------------------    -------------------

                         max delay                    5.000     5.000    
                         clock pessimism              0.000     5.000    
                         output delay                -0.000     5.000    
  -------------------------------------------------------------------
                         required time                          5.000    
                         arrival time                         -14.368    
  -------------------------------------------------------------------
                         slack                                 -9.368    

Slack (VIOLATED) :        -9.341ns  (required time - arrival time)
  Source:                 A[7]
                            (input port)
  Destination:            S[61]
  Path Group:             **default**
  Path Type:              Max at Slow Process Corner
  Requirement:            5.000ns  (MaxDelay Path 5.000ns)
  Data Path Delay:        14.341ns  (logic 4.371ns (30.482%)  route 9.969ns (69.518%))
  Logic Levels:           8  (IBUF=1 LUT4=1 LUT5=3 LUT6=2 OBUF=1)
  Output Delay:           0.000ns
  Timing Exception:       MaxDelay Path 5.000ns

    Location             Delay type                Incr(ns)  Path(ns)    Netlist Resource(s)
  -------------------------------------------------------------------    -------------------
    V11                                               0.000     0.000 r  A[7] (IN)
                         net (fo=0)                   0.000     0.000    A[7]
    V11                  IBUF (Prop_ibuf_I_O)         0.999     0.999 r  A_IBUF[7]_inst/O
                         net (fo=3, routed)           2.094     3.093    A_IBUF[7]
    SLICE_X3Y89          LUT4 (Prop_lut4_I3_O)        0.124     3.217 f  S_OBUF[16]_inst_i_16/O
                         net (fo=2, routed)           0.646     3.863    S_OBUF[16]_inst_i_16_n_0
    SLICE_X5Y95          LUT5 (Prop_lut5_I4_O)        0.124     3.987 r  S_OBUF[16]_inst_i_9/O
                         net (fo=2, routed)           0.954     4.941    S_OBUF[16]_inst_i_9_n_0
    SLICE_X3Y95          LUT6 (Prop_lut6_I5_O)        0.124     5.065 r  S_OBUF[16]_inst_i_2/O
                         net (fo=7, routed)           1.648     6.712    S_OBUF[16]_inst_i_2_n_0
    SLICE_X43Y104        LUT5 (Prop_lut5_I0_O)        0.124     6.836 r  S_OBUF[33]_inst_i_2/O
                         net (fo=6, routed)           1.128     7.964    S_OBUF[33]_inst_i_2_n_0
    SLICE_X55Y124        LUT6 (Prop_lut6_I3_O)        0.124     8.088 r  S_OBUF[63]_inst_i_3/O
                         net (fo=5, routed)           1.617     9.705    S_OBUF[63]_inst_i_3_n_0
    SLICE_X83Y140        LUT5 (Prop_lut5_I4_O)        0.124     9.829 r  S_OBUF[61]_inst_i_1/O
                         net (fo=1, routed)           1.884    11.713    S_OBUF[61]
    C5                   OBUF (Prop_obuf_I_O)         2.628    14.341 r  S_OBUF[61]_inst/O
                         net (fo=0)                   0.000    14.341    S[61]
    C5                                                                r  S[61] (OUT)
  -------------------------------------------------------------------    -------------------

                         max delay                    5.000     5.000    
                         clock pessimism              0.000     5.000    
                         output delay                -0.000     5.000    
  -------------------------------------------------------------------
                         required time                          5.000    
                         arrival time                         -14.341    
  -------------------------------------------------------------------
                         slack                                 -9.341    

Slack (VIOLATED) :        -9.269ns  (required time - arrival time)
  Source:                 A[7]
                            (input port)
  Destination:            S[57]
  Path Group:             **default**
  Path Type:              Max at Slow Process Corner
  Requirement:            5.000ns  (MaxDelay Path 5.000ns)
  Data Path Delay:        14.269ns  (logic 4.381ns (30.701%)  route 9.888ns (69.299%))
  Logic Levels:           8  (IBUF=1 LUT4=1 LUT5=3 LUT6=2 OBUF=1)
  Output Delay:           0.000ns
  Timing Exception:       MaxDelay Path 5.000ns

    Location             Delay type                Incr(ns)  Path(ns)    Netlist Resource(s)
  -------------------------------------------------------------------    -------------------
    V11                                               0.000     0.000 r  A[7] (IN)
                         net (fo=0)                   0.000     0.000    A[7]
    V11                  IBUF (Prop_ibuf_I_O)         0.999     0.999 r  A_IBUF[7]_inst/O
                         net (fo=3, routed)           2.094     3.093    A_IBUF[7]
    SLICE_X3Y89          LUT4 (Prop_lut4_I3_O)        0.124     3.217 r  S_OBUF[16]_inst_i_16/O
                         net (fo=2, routed)           0.646     3.863    S_OBUF[16]_inst_i_16_n_0
    SLICE_X5Y95          LUT5 (Prop_lut5_I4_O)        0.124     3.987 f  S_OBUF[16]_inst_i_9/O
                         net (fo=2, routed)           0.954     4.941    S_OBUF[16]_inst_i_9_n_0
    SLICE_X3Y95          LUT6 (Prop_lut6_I5_O)        0.124     5.065 f  S_OBUF[16]_inst_i_2/O
                         net (fo=7, routed)           1.648     6.712    S_OBUF[16]_inst_i_2_n_0
    SLICE_X43Y104        LUT5 (Prop_lut5_I0_O)        0.124     6.836 f  S_OBUF[33]_inst_i_2/O
                         net (fo=6, routed)           1.367     8.203    S_OBUF[33]_inst_i_2_n_0
    SLICE_X66Y126        LUT6 (Prop_lut6_I3_O)        0.124     8.327 r  S_OBUF[59]_inst_i_3/O
                         net (fo=4, routed)           0.814     9.141    S_OBUF[59]_inst_i_3_n_0
    SLICE_X80Y127        LUT5 (Prop_lut5_I4_O)        0.124     9.265 r  S_OBUF[57]_inst_i_1/O
                         net (fo=1, routed)           2.367    11.632    S_OBUF[57]
    A5                   OBUF (Prop_obuf_I_O)         2.638    14.269 r  S_OBUF[57]_inst/O
                         net (fo=0)                   0.000    14.269    S[57]
    A5                                                                r  S[57] (OUT)
  -------------------------------------------------------------------    -------------------

                         max delay                    5.000     5.000    
                         clock pessimism              0.000     5.000    
                         output delay                -0.000     5.000    
  -------------------------------------------------------------------
                         required time                          5.000    
                         arrival time                         -14.269    
  -------------------------------------------------------------------
                         slack                                 -9.269    

Slack (VIOLATED) :        -9.235ns  (required time - arrival time)
  Source:                 A[7]
                            (input port)
  Destination:            S[60]
  Path Group:             **default**
  Path Type:              Max at Slow Process Corner
  Requirement:            5.000ns  (MaxDelay Path 5.000ns)
  Data Path Delay:        14.235ns  (logic 4.383ns (30.790%)  route 9.852ns (69.210%))
  Logic Levels:           8  (IBUF=1 LUT3=1 LUT4=1 LUT5=2 LUT6=2 OBUF=1)
  Output Delay:           0.000ns
  Timing Exception:       MaxDelay Path 5.000ns

    Location             Delay type                Incr(ns)  Path(ns)    Netlist Resource(s)
  -------------------------------------------------------------------    -------------------
    V11                                               0.000     0.000 r  A[7] (IN)
                         net (fo=0)                   0.000     0.000    A[7]
    V11                  IBUF (Prop_ibuf_I_O)         0.999     0.999 r  A_IBUF[7]_inst/O
                         net (fo=3, routed)           2.094     3.093    A_IBUF[7]
    SLICE_X3Y89          LUT4 (Prop_lut4_I3_O)        0.124     3.217 f  S_OBUF[16]_inst_i_16/O
                         net (fo=2, routed)           0.646     3.863    S_OBUF[16]_inst_i_16_n_0
    SLICE_X5Y95          LUT5 (Prop_lut5_I4_O)        0.124     3.987 r  S_OBUF[16]_inst_i_9/O
                         net (fo=2, routed)           0.954     4.941    S_OBUF[16]_inst_i_9_n_0
    SLICE_X3Y95          LUT6 (Prop_lut6_I5_O)        0.124     5.065 r  S_OBUF[16]_inst_i_2/O
                         net (fo=7, routed)           1.648     6.712    S_OBUF[16]_inst_i_2_n_0
    SLICE_X43Y104        LUT5 (Prop_lut5_I0_O)        0.124     6.836 r  S_OBUF[33]_inst_i_2/O
                         net (fo=6, routed)           1.128     7.964    S_OBUF[33]_inst_i_2_n_0
    SLICE_X55Y124        LUT6 (Prop_lut6_I3_O)        0.124     8.088 r  S_OBUF[63]_inst_i_3/O
                         net (fo=5, routed)           1.452     9.540    S_OBUF[63]_inst_i_3_n_0
    SLICE_X78Y146        LUT3 (Prop_lut3_I2_O)        0.124     9.664 r  S_OBUF[60]_inst_i_1/O
                         net (fo=1, routed)           1.931    11.595    S_OBUF[60]
    B7                   OBUF (Prop_obuf_I_O)         2.640    14.235 r  S_OBUF[60]_inst/O
                         net (fo=0)                   0.000    14.235    S[60]
    B7                                                                r  S[60] (OUT)
  -------------------------------------------------------------------    -------------------

                         max delay                    5.000     5.000    
                         clock pessimism              0.000     5.000    
                         output delay                -0.000     5.000    
  -------------------------------------------------------------------
                         required time                          5.000    
                         arrival time                         -14.235    
  -------------------------------------------------------------------
                         slack                                 -9.235    

Slack (VIOLATED) :        -9.228ns  (required time - arrival time)
  Source:                 B[25]
                            (input port)
  Destination:            S[50]
  Path Group:             **default**
  Path Type:              Max at Slow Process Corner
  Requirement:            5.000ns  (MaxDelay Path 5.000ns)
  Data Path Delay:        14.228ns  (logic 4.354ns (30.602%)  route 9.874ns (69.398%))
  Logic Levels:           8  (IBUF=1 LUT2=1 LUT4=1 LUT5=1 LUT6=3 OBUF=1)
  Output Delay:           0.000ns
  Timing Exception:       MaxDelay Path 5.000ns

    Location             Delay type                Incr(ns)  Path(ns)    Netlist Resource(s)
  -------------------------------------------------------------------    -------------------
    F14                                               0.000     0.000 r  B[25] (IN)
                         net (fo=0)                   0.000     0.000    B[25]
    F14                  IBUF (Prop_ibuf_I_O)         0.972     0.972 r  B_IBUF[25]_inst/O
                         net (fo=4, routed)           2.573     3.546    B_IBUF[25]
    SLICE_X13Y99         LUT4 (Prop_lut4_I2_O)        0.124     3.670 r  S_OBUF[31]_inst_i_9/O
                         net (fo=2, routed)           0.777     4.446    S_OBUF[31]_inst_i_9_n_0
    SLICE_X15Y98         LUT6 (Prop_lut6_I0_O)        0.124     4.570 f  S_OBUF[49]_inst_i_6/O
                         net (fo=3, routed)           1.212     5.783    S_OBUF[49]_inst_i_6_n_0
    SLICE_X45Y104        LUT2 (Prop_lut2_I0_O)        0.124     5.907 f  S_OBUF[49]_inst_i_3/O
                         net (fo=3, routed)           1.174     7.081    S_OBUF[49]_inst_i_3_n_0
    SLICE_X57Y103        LUT6 (Prop_lut6_I1_O)        0.124     7.205 f  S_OBUF[49]_inst_i_2/O
                         net (fo=4, routed)           1.203     8.409    S_OBUF[49]_inst_i_2_n_0
    SLICE_X80Y110        LUT5 (Prop_lut5_I4_O)        0.124     8.533 r  S_OBUF[51]_inst_i_2/O
                         net (fo=2, routed)           0.804     9.337    S_OBUF[51]_inst_i_2_n_0
    SLICE_X82Y122        LUT6 (Prop_lut6_I5_O)        0.124     9.461 r  S_OBUF[50]_inst_i_1/O
                         net (fo=1, routed)           2.130    11.590    S_OBUF[50]
    C4                   OBUF (Prop_obuf_I_O)         2.638    14.228 r  S_OBUF[50]_inst/O
                         net (fo=0)                   0.000    14.228    S[50]
    C4                                                                r  S[50] (OUT)
  -------------------------------------------------------------------    -------------------

                         max delay                    5.000     5.000    
                         clock pessimism              0.000     5.000    
                         output delay                -0.000     5.000    
  -------------------------------------------------------------------
                         required time                          5.000    
                         arrival time                         -14.228    
  -------------------------------------------------------------------
                         slack                                 -9.228    

Slack (VIOLATED) :        -9.217ns  (required time - arrival time)
  Source:                 A[7]
                            (input port)
  Destination:            Cout
  Path Group:             **default**
  Path Type:              Max at Slow Process Corner
  Requirement:            5.000ns  (MaxDelay Path 5.000ns)
  Data Path Delay:        14.217ns  (logic 4.401ns (30.959%)  route 9.816ns (69.041%))
  Logic Levels:           8  (IBUF=1 LUT4=1 LUT5=2 LUT6=3 OBUF=1)
  Output Delay:           0.000ns
  Timing Exception:       MaxDelay Path 5.000ns

    Location             Delay type                Incr(ns)  Path(ns)    Netlist Resource(s)
  -------------------------------------------------------------------    -------------------
    V11                                               0.000     0.000 r  A[7] (IN)
                         net (fo=0)                   0.000     0.000    A[7]
    V11                  IBUF (Prop_ibuf_I_O)         0.999     0.999 r  A_IBUF[7]_inst/O
                         net (fo=3, routed)           2.094     3.093    A_IBUF[7]
    SLICE_X3Y89          LUT4 (Prop_lut4_I3_O)        0.124     3.217 r  S_OBUF[16]_inst_i_16/O
                         net (fo=2, routed)           0.646     3.863    S_OBUF[16]_inst_i_16_n_0
    SLICE_X5Y95          LUT5 (Prop_lut5_I4_O)        0.124     3.987 f  S_OBUF[16]_inst_i_9/O
                         net (fo=2, routed)           0.954     4.941    S_OBUF[16]_inst_i_9_n_0
    SLICE_X3Y95          LUT6 (Prop_lut6_I5_O)        0.124     5.065 f  S_OBUF[16]_inst_i_2/O
                         net (fo=7, routed)           1.648     6.712    S_OBUF[16]_inst_i_2_n_0
    SLICE_X43Y104        LUT5 (Prop_lut5_I0_O)        0.124     6.836 f  S_OBUF[33]_inst_i_2/O
                         net (fo=6, routed)           1.128     7.964    S_OBUF[33]_inst_i_2_n_0
    SLICE_X55Y124        LUT6 (Prop_lut6_I3_O)        0.124     8.088 f  S_OBUF[63]_inst_i_3/O
                         net (fo=5, routed)           0.317     8.405    S_OBUF[63]_inst_i_3_n_0
    SLICE_X57Y124        LUT6 (Prop_lut6_I1_O)        0.124     8.529 r  Cout_OBUF_inst_i_1/O
                         net (fo=1, routed)           3.030    11.559    Cout_OBUF
    B12                  OBUF (Prop_obuf_I_O)         2.658    14.217 r  Cout_OBUF_inst/O
                         net (fo=0)                   0.000    14.217    Cout
    B12                                                               r  Cout (OUT)
  -------------------------------------------------------------------    -------------------

                         max delay                    5.000     5.000    
                         clock pessimism              0.000     5.000    
                         output delay                -0.000     5.000    
  -------------------------------------------------------------------
                         required time                          5.000    
                         arrival time                         -14.217    
  -------------------------------------------------------------------
                         slack                                 -9.217    

Slack (VIOLATED) :        -9.206ns  (required time - arrival time)
  Source:                 A[7]
                            (input port)
  Destination:            S[56]
  Path Group:             **default**
  Path Type:              Max at Slow Process Corner
  Requirement:            5.000ns  (MaxDelay Path 5.000ns)
  Data Path Delay:        14.206ns  (logic 4.388ns (30.887%)  route 9.818ns (69.113%))
  Logic Levels:           8  (IBUF=1 LUT3=1 LUT4=1 LUT5=2 LUT6=2 OBUF=1)
  Output Delay:           0.000ns
  Timing Exception:       MaxDelay Path 5.000ns

    Location             Delay type                Incr(ns)  Path(ns)    Netlist Resource(s)
  -------------------------------------------------------------------    -------------------
    V11                                               0.000     0.000 r  A[7] (IN)
                         net (fo=0)                   0.000     0.000    A[7]
    V11                  IBUF (Prop_ibuf_I_O)         0.999     0.999 r  A_IBUF[7]_inst/O
                         net (fo=3, routed)           2.094     3.093    A_IBUF[7]
    SLICE_X3Y89          LUT4 (Prop_lut4_I3_O)        0.124     3.217 r  S_OBUF[16]_inst_i_16/O
                         net (fo=2, routed)           0.646     3.863    S_OBUF[16]_inst_i_16_n_0
    SLICE_X5Y95          LUT5 (Prop_lut5_I4_O)        0.124     3.987 f  S_OBUF[16]_inst_i_9/O
                         net (fo=2, routed)           0.954     4.941    S_OBUF[16]_inst_i_9_n_0
    SLICE_X3Y95          LUT6 (Prop_lut6_I5_O)        0.124     5.065 f  S_OBUF[16]_inst_i_2/O
                         net (fo=7, routed)           1.648     6.712    S_OBUF[16]_inst_i_2_n_0
    SLICE_X43Y104        LUT5 (Prop_lut5_I0_O)        0.124     6.836 f  S_OBUF[33]_inst_i_2/O
                         net (fo=6, routed)           1.367     8.203    S_OBUF[33]_inst_i_2_n_0
    SLICE_X66Y126        LUT6 (Prop_lut6_I3_O)        0.124     8.327 r  S_OBUF[59]_inst_i_3/O
                         net (fo=4, routed)           1.445     9.772    S_OBUF[59]_inst_i_3_n_0
    SLICE_X88Y141        LUT3 (Prop_lut3_I2_O)        0.124     9.896 r  S_OBUF[56]_inst_i_1/O
                         net (fo=1, routed)           1.665    11.561    S_OBUF[56]
    D8                   OBUF (Prop_obuf_I_O)         2.645    14.206 r  S_OBUF[56]_inst/O
                         net (fo=0)                   0.000    14.206    S[56]
    D8                                                                r  S[56] (OUT)
  -------------------------------------------------------------------    -------------------

                         max delay                    5.000     5.000    
                         clock pessimism              0.000     5.000    
                         output delay                -0.000     5.000    
  -------------------------------------------------------------------
                         required time                          5.000    
                         arrival time                         -14.206    
  -------------------------------------------------------------------
                         slack                                 -9.206    

Slack (VIOLATED) :        -9.202ns  (required time - arrival time)
  Source:                 B[25]
                            (input port)
  Destination:            S[51]
  Path Group:             **default**
  Path Type:              Max at Slow Process Corner
  Requirement:            5.000ns  (MaxDelay Path 5.000ns)
  Data Path Delay:        14.202ns  (logic 4.333ns (30.508%)  route 9.869ns (69.492%))
  Logic Levels:           8  (IBUF=1 LUT2=1 LUT4=1 LUT5=1 LUT6=3 OBUF=1)
  Output Delay:           0.000ns
  Timing Exception:       MaxDelay Path 5.000ns

    Location             Delay type                Incr(ns)  Path(ns)    Netlist Resource(s)
  -------------------------------------------------------------------    -------------------
    F14                                               0.000     0.000 r  B[25] (IN)
                         net (fo=0)                   0.000     0.000    B[25]
    F14                  IBUF (Prop_ibuf_I_O)         0.972     0.972 r  B_IBUF[25]_inst/O
                         net (fo=4, routed)           2.573     3.546    B_IBUF[25]
    SLICE_X13Y99         LUT4 (Prop_lut4_I2_O)        0.124     3.670 r  S_OBUF[31]_inst_i_9/O
                         net (fo=2, routed)           0.777     4.446    S_OBUF[31]_inst_i_9_n_0
    SLICE_X15Y98         LUT6 (Prop_lut6_I0_O)        0.124     4.570 f  S_OBUF[49]_inst_i_6/O
                         net (fo=3, routed)           1.212     5.783    S_OBUF[49]_inst_i_6_n_0
    SLICE_X45Y104        LUT2 (Prop_lut2_I0_O)        0.124     5.907 f  S_OBUF[49]_inst_i_3/O
                         net (fo=3, routed)           1.174     7.081    S_OBUF[49]_inst_i_3_n_0
    SLICE_X57Y103        LUT6 (Prop_lut6_I1_O)        0.124     7.205 f  S_OBUF[49]_inst_i_2/O
                         net (fo=4, routed)           1.203     8.409    S_OBUF[49]_inst_i_2_n_0
    SLICE_X80Y110        LUT5 (Prop_lut5_I4_O)        0.124     8.533 r  S_OBUF[51]_inst_i_2/O
                         net (fo=2, routed)           0.797     9.330    S_OBUF[51]_inst_i_2_n_0
    SLICE_X83Y122        LUT6 (Prop_lut6_I4_O)        0.124     9.454 r  S_OBUF[51]_inst_i_1/O
                         net (fo=1, routed)           2.132    11.586    S_OBUF[51]
    D7                   OBUF (Prop_obuf_I_O)         2.616    14.202 r  S_OBUF[51]_inst/O
                         net (fo=0)                   0.000    14.202    S[51]
    D7                                                                r  S[51] (OUT)
  -------------------------------------------------------------------    -------------------

                         max delay                    5.000     5.000    
                         clock pessimism              0.000     5.000    
                         output delay                -0.000     5.000    
  -------------------------------------------------------------------
                         required time                          5.000    
                         arrival time                         -14.202    
  -------------------------------------------------------------------
                         slack                                 -9.202    

Slack (VIOLATED) :        -9.197ns  (required time - arrival time)
  Source:                 B[25]
                            (input port)
  Destination:            S[53]
  Path Group:             **default**
  Path Type:              Max at Slow Process Corner
  Requirement:            5.000ns  (MaxDelay Path 5.000ns)
  Data Path Delay:        14.197ns  (logic 4.329ns (30.492%)  route 9.868ns (69.508%))
  Logic Levels:           8  (IBUF=1 LUT2=1 LUT4=1 LUT5=1 LUT6=3 OBUF=1)
  Output Delay:           0.000ns
  Timing Exception:       MaxDelay Path 5.000ns

    Location             Delay type                Incr(ns)  Path(ns)    Netlist Resource(s)
  -------------------------------------------------------------------    -------------------
    F14                                               0.000     0.000 r  B[25] (IN)
                         net (fo=0)                   0.000     0.000    B[25]
    F14                  IBUF (Prop_ibuf_I_O)         0.972     0.972 r  B_IBUF[25]_inst/O
                         net (fo=4, routed)           2.573     3.546    B_IBUF[25]
    SLICE_X13Y99         LUT4 (Prop_lut4_I2_O)        0.124     3.670 f  S_OBUF[31]_inst_i_9/O
                         net (fo=2, routed)           0.777     4.446    S_OBUF[31]_inst_i_9_n_0
    SLICE_X15Y98         LUT6 (Prop_lut6_I0_O)        0.124     4.570 r  S_OBUF[49]_inst_i_6/O
                         net (fo=3, routed)           1.212     5.783    S_OBUF[49]_inst_i_6_n_0
    SLICE_X45Y104        LUT2 (Prop_lut2_I0_O)        0.124     5.907 r  S_OBUF[49]_inst_i_3/O
                         net (fo=3, routed)           1.174     7.081    S_OBUF[49]_inst_i_3_n_0
    SLICE_X57Y103        LUT6 (Prop_lut6_I1_O)        0.124     7.205 r  S_OBUF[49]_inst_i_2/O
                         net (fo=4, routed)           1.383     8.589    S_OBUF[49]_inst_i_2_n_0
    SLICE_X76Y127        LUT6 (Prop_lut6_I4_O)        0.124     8.713 r  S_OBUF[55]_inst_i_4/O
                         net (fo=4, routed)           1.033     9.745    S_OBUF[55]_inst_i_4_n_0
    SLICE_X88Y139        LUT5 (Prop_lut5_I4_O)        0.124     9.869 r  S_OBUF[53]_inst_i_1/O
                         net (fo=1, routed)           1.715    11.584    S_OBUF[53]
    E5                   OBUF (Prop_obuf_I_O)         2.613    14.197 r  S_OBUF[53]_inst/O
                         net (fo=0)                   0.000    14.197    S[53]
    E5                                                                r  S[53] (OUT)
  -------------------------------------------------------------------    -------------------

                         max delay                    5.000     5.000    
                         clock pessimism              0.000     5.000    
                         output delay                -0.000     5.000    
  -------------------------------------------------------------------
                         required time                          5.000    
                         arrival time                         -14.197    
  -------------------------------------------------------------------
                         slack                                 -9.197    

Slack (VIOLATED) :        -9.190ns  (required time - arrival time)
  Source:                 B[25]
                            (input port)
  Destination:            S[54]
  Path Group:             **default**
  Path Type:              Max at Slow Process Corner
  Requirement:            5.000ns  (MaxDelay Path 5.000ns)
  Data Path Delay:        14.190ns  (logic 4.334ns (30.542%)  route 9.856ns (69.458%))
  Logic Levels:           8  (IBUF=1 LUT2=1 LUT4=1 LUT6=4 OBUF=1)
  Output Delay:           0.000ns
  Timing Exception:       MaxDelay Path 5.000ns

    Location             Delay type                Incr(ns)  Path(ns)    Netlist Resource(s)
  -------------------------------------------------------------------    -------------------
    F14                                               0.000     0.000 r  B[25] (IN)
                         net (fo=0)                   0.000     0.000    B[25]
    F14                  IBUF (Prop_ibuf_I_O)         0.972     0.972 r  B_IBUF[25]_inst/O
                         net (fo=4, routed)           2.573     3.546    B_IBUF[25]
    SLICE_X13Y99         LUT4 (Prop_lut4_I2_O)        0.124     3.670 f  S_OBUF[31]_inst_i_9/O
                         net (fo=2, routed)           0.777     4.446    S_OBUF[31]_inst_i_9_n_0
    SLICE_X15Y98         LUT6 (Prop_lut6_I0_O)        0.124     4.570 r  S_OBUF[49]_inst_i_6/O
                         net (fo=3, routed)           1.212     5.783    S_OBUF[49]_inst_i_6_n_0
    SLICE_X45Y104        LUT2 (Prop_lut2_I0_O)        0.124     5.907 r  S_OBUF[49]_inst_i_3/O
                         net (fo=3, routed)           1.174     7.081    S_OBUF[49]_inst_i_3_n_0
    SLICE_X57Y103        LUT6 (Prop_lut6_I1_O)        0.124     7.205 r  S_OBUF[49]_inst_i_2/O
                         net (fo=4, routed)           1.383     8.589    S_OBUF[49]_inst_i_2_n_0
    SLICE_X76Y127        LUT6 (Prop_lut6_I4_O)        0.124     8.713 r  S_OBUF[55]_inst_i_4/O
                         net (fo=4, routed)           0.615     9.327    S_OBUF[55]_inst_i_4_n_0
    SLICE_X83Y127        LUT6 (Prop_lut6_I1_O)        0.124     9.451 r  S_OBUF[54]_inst_i_1/O
                         net (fo=1, routed)           2.121    11.572    S_OBUF[54]
    E6                   OBUF (Prop_obuf_I_O)         2.617    14.190 r  S_OBUF[54]_inst/O
                         net (fo=0)                   0.000    14.190    S[54]
    E6                                                                r  S[54] (OUT)
  -------------------------------------------------------------------    -------------------

                         max delay                    5.000     5.000    
                         clock pessimism              0.000     5.000    
                         output delay                -0.000     5.000    
  -------------------------------------------------------------------
                         required time                          5.000    
                         arrival time                         -14.190    
  -------------------------------------------------------------------
                         slack                                 -9.190    





